<?xml version="1.0" encoding="UTF-8"?>
<robot generator="Robot 4.1.3 (Python 3.11.5 on win32)" generated="20240714 15:31:56.883" rpa="false" schemaversion="2">
<suite id="s1" name="First test" source="C:\Users\motal\OneDrive\Desktop\automatisation\robot Framework\First_test.robot">
<test id="s1-t1" name="Google Index">
<kw name="Go to Google">
<kw name="Open Browser" library="SeleniumLibrary">
<arg>${url}</arg>
<arg>${browser}</arg>
<doc>Opens a new browser instance to the optional ``url``.</doc>
<msg timestamp="20240714 15:31:57.334" level="INFO">Opening browser 'Chrome' to base url 'https://google.com/'.</msg>
<status status="PASS" starttime="20240714 15:31:57.333" endtime="20240714 15:32:03.150"/>
</kw>
<status status="PASS" starttime="20240714 15:31:57.333" endtime="20240714 15:32:03.150"/>
</kw>
<status status="PASS" starttime="20240714 15:31:57.332" endtime="20240714 15:32:03.151"/>
</test>
<status status="PASS" starttime="20240714 15:31:56.887" endtime="20240714 15:32:03.154"/>
</suite>
<statistics>
<total>
<stat pass="1" fail="0" skip="0">All Tests</stat>
</total>
<tag>
</tag>
<suite>
<stat pass="1" fail="0" skip="0" id="s1" name="First test">First test</stat>
</suite>
</statistics>
<errors>
</errors>
</robot>
